# JRE version: Java(TM) SE Runtime Environment (17.0.9+11) (build 17.0.9+11-LTS-201)
# Java VM: Java HotSpot(TM) 64-Bit Server VM (17.0.9+11-LTS-201, mixed mode, sharing, tiered, compressed oops, compressed class ptrs, g1 gc, windows-amd64)
GC Precious Log:
 CPUs: 16 total, 16 available
 Memory: 15774M
 Large Page Support: Disabled
 NUMA Support: Disabled
 Compressed Oops: Enabled (32-bit)
 Heap Region Size: 1M
 Heap Min Capacity: 8M
 Heap Initial Capacity: 248M
 Heap Max Capacity: 2G
 Pre-touch: Disabled
 Parallel Workers: 13
 Concurrent Workers: 3
 Concurrent Refinement Workers: 13
 Periodic GC: Disabled
Heap:
 garbage-first heap   total 281600K, used 203385K [0x0000000080000000, 0x0000000100000000)
  region size 1024K, 57 young (58368K), 8 survivors (8192K)
 Metaspace       used 129351K, committed 130368K, reserved 557056K
  class space    used 17213K, committed 17664K, reserved 425984K
GC Heap History (20 events):
Event: 36.429 GC heap before
{Heap before GC invocations=46 (full 0):
 garbage-first heap   total 184320K, used 159011K [0x0000000080000000, 0x0000000100000000)
  region size 1024K, 44 young (45056K), 7 survivors (7168K)
 Metaspace       used 120462K, committed 121536K, reserved 557056K
  class space    used 16346K, committed 16832K, reserved 425984K
}
Event: 36.434 GC heap after
{Heap after GC invocations=47 (full 0):
 garbage-first heap   total 184320K, used 123504K [0x0000000080000000, 0x0000000100000000)
  region size 1024K, 6 young (6144K), 6 survivors (6144K)
 Metaspace       used 120462K, committed 121536K, reserved 557056K
  class space    used 16346K, committed 16832K, reserved 425984K
}
Event: 36.919 GC heap before
{Heap before GC invocations=47 (full 0):
 garbage-first heap   total 184320K, used 154224K [0x0000000080000000, 0x0000000100000000)
  region size 1024K, 37 young (37888K), 6 survivors (6144K)
 Metaspace       used 121994K, committed 122944K, reserved 557056K
  class space    used 16505K, committed 16960K, reserved 425984K
}
Event: 36.923 GC heap after
{Heap after GC invocations=48 (full 0):
 garbage-first heap   total 184320K, used 124792K [0x0000000080000000, 0x0000000100000000)
  region size 1024K, 3 young (3072K), 3 survivors (3072K)
 Metaspace       used 121994K, committed 122944K, reserved 557056K
  class space    used 16505K, committed 16960K, reserved 425984K
}
Event: 37.201 GC heap before
{Heap before GC invocations=48 (full 0):
 garbage-first heap   total 184320K, used 154488K [0x0000000080000000, 0x0000000100000000)
  region size 1024K, 33 young (33792K), 3 survivors (3072K)
 Metaspace       used 122593K, committed 123520K, reserved 557056K
  class space    used 16584K, committed 17024K, reserved 425984K
}
Event: 37.204 GC heap after
{Heap after GC invocations=49 (full 0):
 garbage-first heap   total 184320K, used 128075K [0x0000000080000000, 0x0000000100000000)
  region size 1024K, 5 young (5120K), 5 survivors (5120K)
 Metaspace       used 122593K, committed 123520K, reserved 557056K
  class space    used 16584K, committed 17024K, reserved 425984K
}
Event: 37.309 GC heap before
{Heap before GC invocations=49 (full 0):
 garbage-first heap   total 184320K, used 154699K [0x0000000080000000, 0x0000000100000000)
  region size 1024K, 32 young (32768K), 5 survivors (5120K)
 Metaspace       used 122718K, committed 123648K, reserved 557056K
  class space    used 16585K, committed 17024K, reserved 425984K
}
Event: 37.312 GC heap after
{Heap after GC invocations=50 (full 0):
 garbage-first heap   total 184320K, used 130355K [0x0000000080000000, 0x0000000100000000)
  region size 1024K, 3 young (3072K), 3 survivors (3072K)
 Metaspace       used 122718K, committed 123648K, reserved 557056K
  class space    used 16585K, committed 17024K, reserved 425984K
}
Event: 37.500 GC heap before
{Heap before GC invocations=50 (full 0):
 garbage-first heap   total 184320K, used 154931K [0x0000000080000000, 0x0000000100000000)
  region size 1024K, 28 young (28672K), 3 survivors (3072K)
 Metaspace       used 122865K, committed 123776K, reserved 557056K
  class space    used 16598K, committed 17024K, reserved 425984K
}
Event: 37.502 GC heap after
{Heap after GC invocations=51 (full 0):
 garbage-first heap   total 184320K, used 131489K [0x0000000080000000, 0x0000000100000000)
  region size 1024K, 4 young (4096K), 4 survivors (4096K)
 Metaspace       used 122865K, committed 123776K, reserved 557056K
  class space    used 16598K, committed 17024K, reserved 425984K
}
Event: 37.824 GC heap before
{Heap before GC invocations=51 (full 0):
 garbage-first heap   total 184320K, used 157089K [0x0000000080000000, 0x0000000100000000)
  region size 1024K, 29 young (29696K), 4 survivors (4096K)
 Metaspace       used 122866K, committed 123776K, reserved 557056K
  class space    used 16599K, committed 17024K, reserved 425984K
}
Event: 37.826 GC heap after
{Heap after GC invocations=52 (full 0):
 garbage-first heap   total 184320K, used 132708K [0x0000000080000000, 0x0000000100000000)
  region size 1024K, 3 young (3072K), 3 survivors (3072K)
 Metaspace       used 122866K, committed 123776K, reserved 557056K
  class space    used 16599K, committed 17024K, reserved 425984K
}
Event: 37.935 GC heap before
{Heap before GC invocations=52 (full 0):
 garbage-first heap   total 184320K, used 146020K [0x0000000080000000, 0x0000000100000000)
  region size 1024K, 14 young (14336K), 3 survivors (3072K)
 Metaspace       used 123329K, committed 124288K, reserved 557056K
  class space    used 16657K, committed 17152K, reserved 425984K
}
Event: 37.938 GC heap after
{Heap after GC invocations=53 (full 0):
 garbage-first heap   total 184320K, used 134235K [0x0000000080000000, 0x0000000100000000)
  region size 1024K, 3 young (3072K), 3 survivors (3072K)
 Metaspace       used 123329K, committed 124288K, reserved 557056K
  class space    used 16657K, committed 17152K, reserved 425984K
}
Event: 38.207 GC heap before
{Heap before GC invocations=54 (full 0):
 garbage-first heap   total 234496K, used 161883K [0x0000000080000000, 0x0000000100000000)
  region size 1024K, 27 young (27648K), 3 survivors (3072K)
 Metaspace       used 124490K, committed 125440K, reserved 557056K
  class space    used 16811K, committed 17280K, reserved 425984K
}
Event: 38.211 GC heap after
{Heap after GC invocations=55 (full 0):
 garbage-first heap   total 234496K, used 135838K [0x0000000080000000, 0x0000000100000000)
  region size 1024K, 4 young (4096K), 4 survivors (4096K)
 Metaspace       used 124490K, committed 125440K, reserved 557056K
  class space    used 16811K, committed 17280K, reserved 425984K
}
Event: 38.338 GC heap before
{Heap before GC invocations=55 (full 0):
 garbage-first heap   total 234496K, used 141982K [0x0000000080000000, 0x0000000100000000)
  region size 1024K, 11 young (11264K), 4 survivors (4096K)
 Metaspace       used 125237K, committed 126272K, reserved 557056K
  class space    used 16893K, committed 17408K, reserved 425984K
}
Event: 38.341 GC heap after
{Heap after GC invocations=56 (full 0):
 garbage-first heap   total 234496K, used 135083K [0x0000000080000000, 0x0000000100000000)
  region size 1024K, 1 young (1024K), 1 survivors (1024K)
 Metaspace       used 125237K, committed 126272K, reserved 557056K
  class space    used 16893K, committed 17408K, reserved 425984K
}
Event: 39.735 GC heap before
{Heap before GC invocations=56 (full 0):
 garbage-first heap   total 234496K, used 191403K [0x0000000080000000, 0x0000000100000000)
  region size 1024K, 57 young (58368K), 1 survivors (1024K)
 Metaspace       used 126354K, committed 127360K, reserved 557056K
  class space    used 16958K, committed 17408K, reserved 425984K
}
Event: 39.740 GC heap after
{Heap after GC invocations=57 (full 0):
 garbage-first heap   total 281600K, used 147065K [0x0000000080000000, 0x0000000100000000)
  region size 1024K, 8 young (8192K), 8 survivors (8192K)
 Metaspace       used 126354K, committed 127360K, reserved 557056K
  class space    used 16958K, committed 17408K, reserved 425984K
}

